2025-10-05 10:37:01,364 - db_helper - INFO - fetch_expenses_for_date called with 2024-08-01
2025-10-05 10:37:01,732 - db_helper - INFO - fetch_expense_summary called with start date:2024-08-01, end date:2024-08-05
2025-10-05 10:37:37,180 - db_helper - INFO - fetch_expenses_for_date called with 2024-08-01
2025-10-05 10:37:37,223 - db_helper - INFO - fetch_expense_summary called with start date:2024-08-01, end date:2024-08-05
2025-10-05 10:39:46,439 - db_helper - INFO - fetch_expenses_for_date called with 2024-09-30
2025-10-05 11:24:19,111 - db_helper - INFO - fetch_expenses_for_date called with 2024-08-01
2025-10-05 11:30:32,915 - db_helper - INFO - delete_expenses_for_date called with 2024-08-28
2025-10-05 11:30:32,959 - db_helper - INFO - insert_expense called with date:2024-08-28, amount:43000000.0, category:Vehicle, notes:Bought a Mercedez Geländewagen.
2025-10-06 11:04:14,872 - db_helper - INFO - fetch_expenses_for_date called with 2024-08-01
2025-10-06 11:04:33,289 - db_helper - INFO - fetch_expenses_for_date called with 2026-08-04
2025-10-06 11:22:54,510 - db_helper - INFO - fetch_expenses_for_date called with 2026-08-04
2025-10-06 11:23:05,422 - db_helper - INFO - fetch_expenses_for_date called with 2024-08-01
2025-10-06 11:25:13,604 - db_helper - INFO - fetch_expenses_for_date called with 2024-08-01
2025-10-06 12:08:04,976 - db_helper - INFO - fetch_expenses_for_date called with 2024-08-01
2025-10-06 12:20:14,999 - db_helper - INFO - fetch_expenses_for_date called with 2024-08-01
2025-10-06 12:22:06,377 - db_helper - INFO - fetch_expenses_for_date called with 2024-08-01
2025-10-06 12:22:10,010 - db_helper - INFO - fetch_expenses_for_date called with 2024-08-01
2025-10-06 12:22:13,954 - db_helper - INFO - fetch_expenses_for_date called with 2024-08-01
2025-10-06 12:22:20,607 - db_helper - INFO - fetch_expenses_for_date called with 2024-08-02
2025-10-06 12:26:10,647 - db_helper - INFO - fetch_expenses_for_date called with 2024-08-01
2025-10-06 12:28:06,281 - db_helper - INFO - fetch_expenses_for_date called with 2024-08-02
2025-10-06 12:28:49,508 - db_helper - INFO - fetch_expenses_for_date called with 2024-08-02
2025-10-06 12:28:54,346 - db_helper - INFO - fetch_expenses_for_date called with 2024-08-01
2025-10-06 12:28:58,917 - db_helper - INFO - fetch_expenses_for_date called with 2024-08-02
2025-10-06 12:29:02,555 - db_helper - INFO - fetch_expenses_for_date called with 2024-08-02
2025-10-06 12:29:43,026 - db_helper - INFO - fetch_expenses_for_date called with 2024-08-03
2025-10-06 12:29:49,742 - db_helper - INFO - fetch_expenses_for_date called with 2024-08-04
2025-10-06 12:33:35,883 - db_helper - INFO - fetch_expenses_for_date called with 2025-10-06
2025-10-06 12:33:47,484 - db_helper - INFO - fetch_expenses_for_date called with 2024-08-01
2025-10-06 12:33:51,615 - db_helper - INFO - fetch_expenses_for_date called with 2024-08-02
2025-10-06 12:34:02,921 - db_helper - INFO - fetch_expenses_for_date called with 2025-10-06
2025-10-06 12:34:11,625 - db_helper - INFO - fetch_expenses_for_date called with 2024-08-01
2025-10-06 12:34:12,904 - db_helper - INFO - fetch_expenses_for_date called with 2024-08-01
2025-10-06 12:34:16,828 - db_helper - INFO - fetch_expenses_for_date called with 2024-08-02
2025-10-06 12:34:21,050 - db_helper - INFO - fetch_expenses_for_date called with 2024-08-01
2025-10-06 13:43:27,522 - db_helper - INFO - fetch_expenses_for_date called with 2024-08-02
2025-10-06 13:47:21,424 - db_helper - INFO - fetch_expenses_for_date called with 2024-08-01
2025-10-06 13:47:26,487 - db_helper - INFO - fetch_expenses_for_date called with 2024-08-01
2025-10-06 13:47:32,293 - db_helper - INFO - fetch_expenses_for_date called with 2024-08-02
2025-10-06 13:50:26,706 - db_helper - INFO - fetch_expenses_for_date called with 2024-08-01
2025-10-06 13:50:36,976 - db_helper - INFO - fetch_expenses_for_date called with 2024-08-03
2025-10-06 13:53:05,610 - db_helper - INFO - fetch_expenses_for_date called with 2024-08-03
2025-10-06 13:53:10,488 - db_helper - INFO - fetch_expenses_for_date called with 2024-08-01
2025-10-06 13:53:15,229 - db_helper - INFO - fetch_expenses_for_date called with 2024-08-02
2025-10-06 14:03:34,902 - db_helper - INFO - fetch_expenses_for_date called with 2024-08-01
2025-10-06 14:03:39,972 - db_helper - INFO - fetch_expenses_for_date called with 2024-08-02
2025-10-06 15:09:04,709 - db_helper - INFO - fetch_expenses_for_date called with 2024-08-02
2025-10-06 15:09:09,169 - db_helper - INFO - fetch_expenses_for_date called with 2024-08-01
2025-10-06 15:09:13,045 - db_helper - INFO - fetch_expenses_for_date called with 2024-08-02
2025-10-06 15:21:16,420 - db_helper - INFO - fetch_expenses_for_date called with 2024-08-02
2025-10-06 15:21:29,397 - db_helper - INFO - fetch_expenses_for_date called with 2024-08-01
2025-10-06 15:21:34,051 - db_helper - INFO - fetch_expenses_for_date called with 2024-08-02
2025-10-06 15:30:06,212 - db_helper - INFO - fetch_expenses_for_date called with 2024-08-02
2025-10-06 15:30:28,913 - db_helper - INFO - fetch_expenses_for_date called with 2024-08-01
2025-10-06 15:30:33,249 - db_helper - INFO - fetch_expenses_for_date called with 2024-08-02
2025-10-06 15:52:05,913 - db_helper - INFO - fetch_expenses_for_date called with 2024-08-01
2025-10-06 15:52:10,429 - db_helper - INFO - fetch_expenses_for_date called with 2024-08-02
2025-10-06 15:53:07,796 - db_helper - INFO - fetch_expenses_for_date called with 2024-08-01
2025-10-06 15:53:12,177 - db_helper - INFO - fetch_expenses_for_date called with 2024-08-02
2025-10-08 10:50:20,103 - db_helper - INFO - fetch_expenses_for_date called with 2024-08-01
2025-10-08 10:52:51,072 - db_helper - INFO - fetch_expenses_for_date called with 2024-08-02
2025-10-08 10:52:57,498 - db_helper - INFO - fetch_expenses_for_date called with 2024-08-03
2025-10-08 11:00:08,246 - db_helper - INFO - fetch_expenses_for_date called with 2024-08-01
2025-10-08 11:00:13,090 - db_helper - INFO - fetch_expenses_for_date called with 2024-08-02
2025-10-08 11:01:43,241 - db_helper - INFO - fetch_expenses_for_date called with 2024-08-07
2025-10-08 11:01:54,443 - db_helper - INFO - fetch_expenses_for_date called with 2024-08-05
2025-10-08 11:22:46,846 - db_helper - INFO - fetch_expenses_for_date called with 2024-08-01
2025-10-08 11:22:52,306 - db_helper - INFO - fetch_expenses_for_date called with 2024-08-07
2025-10-08 11:30:41,326 - db_helper - INFO - fetch_expenses_for_date called with 2024-08-07
2025-10-08 11:30:43,402 - db_helper - INFO - delete_expenses_for_date called with 2024-08-07
2025-10-08 11:30:43,433 - db_helper - INFO - insert_expense called with date:2024-08-07, amount:1720.0, category:Food, notes:Mandi @ 36 Arabia
2025-10-08 11:30:43,468 - db_helper - INFO - insert_expense called with date:2024-08-07, amount:300.0, category:Food, notes:Donuts
2025-10-08 11:30:43,490 - db_helper - INFO - insert_expense called with date:2024-08-07, amount:2000.0, category:Shopping, notes:Trekking Pants from Decathlon
2025-10-08 11:30:43,512 - db_helper - INFO - insert_expense called with date:2024-08-07, amount:500.0, category:Entertainment, notes:James Gunn's Superman
2025-10-08 11:30:43,536 - db_helper - INFO - insert_expense called with date:2024-08-07, amount:1000.0, category:Food, notes:Cheddar Cheese Popcorn
2025-10-09 15:25:50,197 - db_helper - INFO - fetch_expense_summary called with start date:2024-08-01, end date:2024-08-05
2025-10-09 15:57:24,755 - db_helper - INFO - fetch_expense_summary called with start date:2024-08-01, end date:2024-08-05
2025-10-09 16:00:01,369 - db_helper - INFO - fetch_expense_summary called with start date:2024-08-01, end date:2024-08-05
2025-10-09 16:18:07,815 - db_helper - INFO - fetch_expense_summary called with start date:2024-08-01, end date:2024-08-05
2025-10-09 16:18:31,102 - db_helper - INFO - fetch_expense_summary called with start date:2024-08-01, end date:2024-08-05
2025-10-09 16:44:12,996 - db_helper - INFO - fetch_expenses_for_date called with 2024-08-01
2025-10-09 16:44:17,597 - db_helper - INFO - fetch_expenses_for_date called with 2024-08-02
2025-10-09 17:08:18,990 - db_helper - INFO - fetch_expenses_for_date called with 2024-08-01
2025-10-09 17:08:23,519 - db_helper - INFO - fetch_expenses_for_date called with 2024-08-02
2025-10-09 17:10:36,046 - db_helper - INFO - fetch_expenses_for_date called with 2024-08-02
2025-10-09 17:10:49,413 - db_helper - INFO - fetch_expenses_for_date called with 2024-08-01
2025-10-09 17:10:53,367 - db_helper - INFO - fetch_expenses_for_date called with 2024-08-07
2025-10-09 17:22:17,718 - db_helper - INFO - fetch_expenses_for_date called with 2024-08-07
2025-10-09 17:22:21,784 - db_helper - INFO - fetch_expenses_for_date called with 2024-08-01
2025-10-09 17:22:35,738 - db_helper - INFO - fetch_expenses_for_date called with 2024-08-01
2025-10-09 17:22:37,277 - db_helper - INFO - fetch_expenses_for_date called with 2024-08-01
2025-10-09 17:22:42,068 - db_helper - INFO - fetch_expenses_for_date called with 2024-08-01
2025-10-09 17:22:44,120 - db_helper - INFO - fetch_expense_summary called with start date:2024-08-01, end date:2024-08-07
2025-10-09 17:23:10,224 - db_helper - INFO - fetch_expenses_for_date called with 2024-08-01
2025-10-09 17:23:15,157 - db_helper - INFO - fetch_expenses_for_date called with 2024-08-01
2025-10-09 17:23:19,039 - db_helper - INFO - fetch_expenses_for_date called with 2024-08-01
2025-10-09 17:23:22,085 - db_helper - INFO - fetch_expenses_for_date called with 2024-08-01
2025-10-09 17:23:24,137 - db_helper - INFO - fetch_expense_summary called with start date:2024-08-01, end date:2024-08-07
2025-10-09 17:32:58,594 - db_helper - INFO - fetch_expenses_for_date called with 2024-08-01
2025-10-09 17:33:03,507 - db_helper - INFO - fetch_expenses_for_date called with 2024-08-01
2025-10-09 17:33:05,569 - db_helper - INFO - fetch_expense_summary called with start date:2024-08-01, end date:2024-08-07
2025-10-09 17:33:34,372 - db_helper - INFO - fetch_expenses_for_date called with 2024-08-01
2025-10-09 17:33:37,437 - db_helper - INFO - fetch_expenses_for_date called with 2024-08-01
2025-10-09 17:33:39,509 - db_helper - INFO - fetch_expense_summary called with start date:2024-08-01, end date:2024-08-07
2025-10-09 17:34:21,389 - db_helper - INFO - fetch_expenses_for_date called with 2024-08-01
2025-10-09 17:34:24,866 - db_helper - INFO - fetch_expenses_for_date called with 2024-08-01
2025-10-09 17:34:26,933 - db_helper - INFO - fetch_expense_summary called with start date:2024-08-01, end date:2024-08-07
2025-10-09 17:42:11,889 - db_helper - INFO - fetch_expenses_for_date called with 2024-08-01
2025-10-09 17:42:16,929 - db_helper - INFO - fetch_expenses_for_date called with 2024-08-01
2025-10-09 17:42:18,998 - db_helper - INFO - fetch_expense_summary called with start date:2024-08-01, end date:2024-08-07
2025-10-09 17:48:22,775 - db_helper - INFO - fetch_expenses_for_date called with 2024-08-01
2025-10-09 17:48:25,769 - db_helper - INFO - fetch_expenses_for_date called with 2024-08-01
2025-10-09 17:48:27,853 - db_helper - INFO - fetch_expense_summary called with start date:2024-08-01, end date:2024-08-07
2025-10-09 17:51:06,454 - db_helper - INFO - fetch_expenses_for_date called with 2024-08-01
2025-10-09 17:51:10,037 - db_helper - INFO - fetch_expenses_for_date called with 2024-08-01
2025-10-09 17:51:12,092 - db_helper - INFO - fetch_expense_summary called with start date:2024-08-01, end date:2024-08-07
2025-10-09 17:51:57,534 - db_helper - INFO - fetch_expenses_for_date called with 2024-08-01
2025-10-09 17:52:05,519 - db_helper - INFO - fetch_expenses_for_date called with 2024-08-01
2025-10-09 17:52:07,577 - db_helper - INFO - fetch_expense_summary called with start date:2024-08-01, end date:2024-08-07
2025-10-10 18:02:29,618 - db_helper - INFO - fetch_expenses_for_date called with 2024-08-01
2025-10-10 18:02:35,361 - db_helper - INFO - fetch_expenses_for_date called with 2024-08-02
2025-10-10 18:02:39,707 - db_helper - INFO - fetch_expenses_for_date called with 2024-08-07
2025-10-10 18:02:51,187 - db_helper - INFO - fetch_expenses_for_date called with 2024-08-07
2025-10-10 18:02:53,262 - db_helper - INFO - fetch_expense_summary called with start date:2024-08-01, end date:2024-08-05
2025-10-10 18:03:02,247 - db_helper - INFO - fetch_expenses_for_date called with 2024-08-07
2025-10-10 18:03:04,319 - db_helper - INFO - fetch_monthly_expenses called
2025-10-10 18:07:07,937 - db_helper - INFO - fetch_expenses_for_date called with 2024-08-07
2025-10-10 18:07:14,156 - db_helper - INFO - fetch_expenses_for_date called with 2024-08-07
2025-10-10 18:07:16,211 - db_helper - INFO - fetch_monthly_expenses called
2025-10-10 18:14:46,742 - db_helper - INFO - fetch_expenses_for_date called with 2024-08-07
2025-10-10 18:14:49,908 - db_helper - INFO - fetch_expenses_for_date called with 2024-08-07
2025-10-10 18:14:51,972 - db_helper - INFO - fetch_monthly_expenses called
2025-10-10 18:32:26,699 - db_helper - INFO - fetch_expenses_for_date called with 2024-08-07
2025-10-10 18:32:29,629 - db_helper - INFO - fetch_expenses_for_date called with 2024-08-07
2025-10-10 18:32:31,729 - db_helper - INFO - fetch_monthly_expenses called
2025-10-10 18:33:06,192 - db_helper - INFO - fetch_expenses_for_date called with 2024-08-07
2025-10-10 18:33:09,294 - db_helper - INFO - fetch_expenses_for_date called with 2024-08-07
2025-10-10 18:33:11,352 - db_helper - INFO - fetch_monthly_expenses called
2025-10-11 09:37:37,176 - db_helper - INFO - fetch_expenses_for_date called with 2024-08-01
2025-10-11 09:37:39,352 - db_helper - INFO - fetch_monthly_expenses called
2025-10-11 09:37:46,443 - db_helper - INFO - fetch_expenses_for_date called with 2024-08-02
2025-10-11 09:37:48,516 - db_helper - INFO - fetch_monthly_expenses called
2025-10-11 09:37:52,159 - db_helper - INFO - fetch_expenses_for_date called with 2024-08-03
2025-10-11 09:37:54,246 - db_helper - INFO - fetch_monthly_expenses called
2025-10-11 09:37:58,075 - db_helper - INFO - fetch_expenses_for_date called with 2024-08-04
2025-10-11 09:38:00,136 - db_helper - INFO - fetch_monthly_expenses called
2025-10-11 09:38:06,976 - db_helper - INFO - fetch_expenses_for_date called with 2024-08-05
2025-10-11 09:38:09,042 - db_helper - INFO - fetch_monthly_expenses called
2025-10-11 09:38:11,727 - db_helper - INFO - fetch_expenses_for_date called with 2024-08-06
2025-10-11 09:38:13,786 - db_helper - INFO - fetch_monthly_expenses called
2025-10-11 09:38:20,841 - db_helper - INFO - fetch_expenses_for_date called with 2024-08-07
2025-10-11 09:38:22,913 - db_helper - INFO - fetch_monthly_expenses called
2025-10-11 09:38:28,859 - db_helper - INFO - fetch_expenses_for_date called with 2024-08-08
2025-10-11 09:38:30,940 - db_helper - INFO - fetch_monthly_expenses called
2025-10-11 09:38:34,439 - db_helper - INFO - fetch_expenses_for_date called with 2024-08-10
2025-10-11 09:38:36,496 - db_helper - INFO - fetch_monthly_expenses called
2025-10-11 09:38:38,471 - db_helper - INFO - fetch_expenses_for_date called with 2024-08-09
2025-10-11 09:38:40,546 - db_helper - INFO - fetch_monthly_expenses called
2025-10-11 09:38:46,654 - db_helper - INFO - fetch_expenses_for_date called with 2024-08-11
2025-10-11 09:38:48,738 - db_helper - INFO - fetch_monthly_expenses called
2025-10-11 09:38:52,512 - db_helper - INFO - fetch_expenses_for_date called with 2024-08-12
2025-10-11 09:38:54,584 - db_helper - INFO - fetch_monthly_expenses called
2025-10-11 09:38:57,058 - db_helper - INFO - fetch_expenses_for_date called with 2024-08-13
2025-10-11 09:38:59,137 - db_helper - INFO - fetch_monthly_expenses called
2025-10-11 09:39:01,427 - db_helper - INFO - fetch_expenses_for_date called with 2024-08-14
2025-10-11 09:39:03,497 - db_helper - INFO - fetch_monthly_expenses called
2025-10-11 09:39:06,300 - db_helper - INFO - fetch_expenses_for_date called with 2024-08-15
2025-10-11 09:39:08,388 - db_helper - INFO - fetch_monthly_expenses called
2025-10-11 09:39:12,578 - db_helper - INFO - fetch_expenses_for_date called with 2024-08-16
2025-10-11 09:39:14,645 - db_helper - INFO - fetch_monthly_expenses called
2025-10-11 09:39:19,158 - db_helper - INFO - fetch_expenses_for_date called with 2024-08-17
2025-10-11 09:39:21,241 - db_helper - INFO - fetch_monthly_expenses called
2025-10-11 09:39:23,415 - db_helper - INFO - fetch_expenses_for_date called with 2024-08-18
2025-10-11 09:39:25,488 - db_helper - INFO - fetch_monthly_expenses called
2025-10-11 09:39:28,338 - db_helper - INFO - fetch_expenses_for_date called with 2024-08-19
2025-10-11 09:39:30,427 - db_helper - INFO - fetch_monthly_expenses called
2025-10-11 09:39:32,748 - db_helper - INFO - fetch_expenses_for_date called with 2024-08-20
2025-10-11 09:39:34,826 - db_helper - INFO - fetch_monthly_expenses called
2025-10-11 09:39:37,293 - db_helper - INFO - fetch_expenses_for_date called with 2024-08-21
2025-10-11 09:39:39,370 - db_helper - INFO - fetch_monthly_expenses called
2025-10-11 09:39:42,246 - db_helper - INFO - fetch_expenses_for_date called with 2024-08-22
2025-10-11 09:39:44,334 - db_helper - INFO - fetch_monthly_expenses called
2025-10-11 09:39:45,940 - db_helper - INFO - fetch_expenses_for_date called with 2024-08-23
2025-10-11 09:39:48,011 - db_helper - INFO - fetch_monthly_expenses called
2025-10-11 09:39:49,413 - db_helper - INFO - fetch_expenses_for_date called with 2024-08-24
2025-10-11 09:39:51,495 - db_helper - INFO - fetch_monthly_expenses called
2025-10-11 09:39:53,078 - db_helper - INFO - fetch_expenses_for_date called with 2024-08-25
2025-10-11 09:39:55,138 - db_helper - INFO - fetch_monthly_expenses called
2025-10-11 09:39:56,815 - db_helper - INFO - fetch_expenses_for_date called with 2024-08-26
2025-10-11 09:39:58,879 - db_helper - INFO - fetch_monthly_expenses called
2025-10-11 09:40:00,432 - db_helper - INFO - fetch_expenses_for_date called with 2024-08-27
2025-10-11 09:40:02,498 - db_helper - INFO - fetch_monthly_expenses called
2025-10-11 09:40:04,163 - db_helper - INFO - fetch_expenses_for_date called with 2024-08-28
2025-10-11 09:40:06,246 - db_helper - INFO - fetch_monthly_expenses called
2025-10-11 09:40:07,766 - db_helper - INFO - fetch_expenses_for_date called with 2024-08-29
2025-10-11 09:40:09,836 - db_helper - INFO - fetch_monthly_expenses called
2025-10-11 09:40:11,483 - db_helper - INFO - fetch_expenses_for_date called with 2024-08-30
2025-10-11 09:40:13,565 - db_helper - INFO - fetch_monthly_expenses called
2025-10-11 09:40:14,503 - db_helper - INFO - fetch_expenses_for_date called with 2024-08-31
2025-10-11 09:40:16,648 - db_helper - INFO - fetch_monthly_expenses called
2025-10-11 09:42:01,196 - db_helper - INFO - fetch_expenses_for_date called with 2024-09-01
2025-10-11 09:42:03,261 - db_helper - INFO - fetch_monthly_expenses called
2025-10-11 09:42:07,371 - db_helper - INFO - fetch_expenses_for_date called with 2024-09-02
2025-10-11 09:42:09,444 - db_helper - INFO - fetch_monthly_expenses called
2025-10-11 09:42:15,038 - db_helper - INFO - fetch_expenses_for_date called with 2024-09-03
2025-10-11 09:42:17,102 - db_helper - INFO - fetch_monthly_expenses called
2025-10-11 09:42:26,141 - db_helper - INFO - fetch_expenses_for_date called with 2024-09-04
2025-10-11 09:42:28,201 - db_helper - INFO - fetch_monthly_expenses called
2025-10-11 09:42:33,782 - db_helper - INFO - fetch_expenses_for_date called with 2024-09-05
2025-10-11 09:42:35,856 - db_helper - INFO - fetch_monthly_expenses called
2025-10-11 09:54:17,299 - db_helper - INFO - fetch_expenses_for_date called with 2024-09-01
2025-10-11 09:54:19,371 - db_helper - INFO - fetch_monthly_expenses called
2025-10-11 09:54:20,574 - db_helper - INFO - fetch_expenses_for_date called with 2024-09-02
2025-10-11 09:54:22,720 - db_helper - INFO - fetch_monthly_expenses called
2025-10-11 09:54:24,678 - db_helper - INFO - fetch_expenses_for_date called with 2024-09-01
2025-10-11 09:54:26,758 - db_helper - INFO - fetch_monthly_expenses called
2025-10-11 09:54:36,596 - db_helper - INFO - fetch_expenses_for_date called with 2024-09-02
2025-10-11 09:54:38,650 - db_helper - INFO - fetch_monthly_expenses called
2025-10-11 09:54:40,043 - db_helper - INFO - fetch_expenses_for_date called with 2024-09-03
2025-10-11 09:54:42,126 - db_helper - INFO - fetch_monthly_expenses called
2025-10-11 09:54:44,020 - db_helper - INFO - fetch_expenses_for_date called with 2024-09-04
2025-10-11 09:54:46,090 - db_helper - INFO - fetch_monthly_expenses called
2025-10-11 09:54:48,396 - db_helper - INFO - fetch_expenses_for_date called with 2024-09-05
2025-10-11 09:54:50,458 - db_helper - INFO - fetch_monthly_expenses called
2025-10-11 09:54:56,326 - db_helper - INFO - fetch_expenses_for_date called with 2024-09-15
2025-10-11 09:54:58,413 - db_helper - INFO - fetch_monthly_expenses called
2025-10-11 09:55:01,883 - db_helper - INFO - fetch_expenses_for_date called with 2024-09-20
2025-10-11 09:55:03,947 - db_helper - INFO - fetch_monthly_expenses called
2025-10-11 09:55:05,982 - db_helper - INFO - fetch_expenses_for_date called with 2024-09-25
2025-10-11 09:55:08,042 - db_helper - INFO - fetch_monthly_expenses called
2025-10-11 09:55:10,225 - db_helper - INFO - fetch_expenses_for_date called with 2024-09-30
2025-10-11 09:55:12,310 - db_helper - INFO - fetch_monthly_expenses called
2025-10-11 09:56:30,851 - db_helper - INFO - fetch_expenses_for_date called with 2024-08-15
2025-10-11 09:56:32,944 - db_helper - INFO - fetch_monthly_expenses called
2025-10-11 09:56:42,458 - db_helper - INFO - fetch_expenses_for_date called with 2024-08-15
2025-10-11 09:56:44,541 - db_helper - INFO - fetch_monthly_expenses called
2025-10-11 09:56:45,087 - db_helper - INFO - fetch_expenses_for_date called with 2024-08-15
2025-10-11 09:56:46,307 - db_helper - INFO - fetch_expenses_for_date called with 2024-08-15
2025-10-11 09:56:48,387 - db_helper - INFO - fetch_expense_summary called with start date:2024-08-01, end date:2024-08-07
2025-10-11 09:56:50,533 - db_helper - INFO - fetch_monthly_expenses called
2025-10-11 09:57:39,485 - db_helper - INFO - fetch_expenses_for_date called with 2024-08-15
2025-10-11 09:57:41,556 - db_helper - INFO - fetch_monthly_expenses called
2025-10-11 09:57:43,571 - db_helper - INFO - fetch_expenses_for_date called with 2024-08-15
2025-10-11 09:57:45,642 - db_helper - INFO - fetch_monthly_expenses called
2025-10-11 09:57:46,887 - db_helper - INFO - fetch_expenses_for_date called with 2024-08-15
2025-10-11 09:57:49,032 - db_helper - INFO - fetch_expense_summary called with start date:2024-09-01, end date:2024-09-05
2025-10-11 09:57:51,110 - db_helper - INFO - fetch_monthly_expenses called
